<?xml version="1.0" encoding="UTF-8"?>
<testsuite name="banking.WithdrawProcessorTest" tests="6" skipped="0" failures="0" errors="0" timestamp="2023-12-12T02:47:33" hostname="n3-13-222.dhcp.drexel.edu" time="0.001">
  <properties/>
  <testcase name="withdraw_twice_from_checking()" classname="banking.WithdrawProcessorTest" time="0.0"/>
  <testcase name="withdrawal_twice_from_cd()" classname="banking.WithdrawProcessorTest" time="0.0"/>
  <testcase name="withdraw_once_from_checking()" classname="banking.WithdrawProcessorTest" time="0.0"/>
  <testcase name="withdraw_once_from_saving()" classname="banking.WithdrawProcessorTest" time="0.001"/>
  <testcase name="withdrawal_once_from_cd()" classname="banking.WithdrawProcessorTest" time="0.0"/>
  <testcase name="withdrawal_twice_from_saving()" classname="banking.WithdrawProcessorTest" time="0.0"/>
  <system-out><![CDATA[]]></system-out>
  <system-err><![CDATA[]]></system-err>
</testsuite>
