<?xml version="1.0" encoding="UTF-8"?>
<testsuite name="banking.WithdrawValidatorTest" tests="34" skipped="0" failures="0" errors="0" timestamp="2023-12-12T02:47:33" hostname="n3-13-222.dhcp.drexel.edu" time="0.007">
  <properties/>
  <testcase name="invalid_withdrawal_command_id()" classname="banking.WithdrawValidatorTest" time="0.0"/>
  <testcase name="invalid_withdrawal_command_missing_id()" classname="banking.WithdrawValidatorTest" time="0.0"/>
  <testcase name="invalid_saving_withdrawal_amount_negative_command()" classname="banking.WithdrawValidatorTest" time="0.0"/>
  <testcase name="valid_withdrawal_command()" classname="banking.WithdrawValidatorTest" time="0.0"/>
  <testcase name="valid_saving_withdrawal_amount_command()" classname="banking.WithdrawValidatorTest" time="0.0"/>
  <testcase name="valid_checking_withdrawal_amount_max_command()" classname="banking.WithdrawValidatorTest" time="0.0"/>
  <testcase name="invalid_withdraw_from_cd_more_than_twelve_month()" classname="banking.WithdrawValidatorTest" time="0.0"/>
  <testcase name="invalid_withdraw_zero_dollar_more_than_twelve_month()" classname="banking.WithdrawValidatorTest" time="0.0"/>
  <testcase name="invalid_withdrawal_id_is_more_than_eight_digits_command()" classname="banking.WithdrawValidatorTest" time="0.0"/>
  <testcase name="test_Account_ID_With_NonNumer_in_Characters()" classname="banking.WithdrawValidatorTest" time="0.0"/>
  <testcase name="valid_saving_account_withdraw()" classname="banking.WithdrawValidatorTest" time="0.0"/>
  <testcase name="invalid_checking_account_more_than_max_withdrawal_amount()" classname="banking.WithdrawValidatorTest" time="0.0"/>
  <testcase name="invalid_withdrawal_id_is_not_in_number_form_command()" classname="banking.WithdrawValidatorTest" time="0.0"/>
  <testcase name="test_Invalid_Double()" classname="banking.WithdrawValidatorTest" time="0.0"/>
  <testcase name="valid_saving_withdrawal_one_dollar_amount_command()" classname="banking.WithdrawValidatorTest" time="0.0"/>
  <testcase name="valid_cd_account_withdraw()" classname="banking.WithdrawValidatorTest" time="0.0"/>
  <testcase name="valid_checking_withdrawal_amount_command()" classname="banking.WithdrawValidatorTest" time="0.0"/>
  <testcase name="test_Invalid_Account_ID()" classname="banking.WithdrawValidatorTest" time="0.0"/>
  <testcase name="invalid_withdrawal_command_missing_amount()" classname="banking.WithdrawValidatorTest" time="0.0"/>
  <testcase name="invalid_withdrawal_command_id_contain_letter()" classname="banking.WithdrawValidatorTest" time="0.001"/>
  <testcase name="invalid_saving_account_more_than_max_withdrawal_amount()" classname="banking.WithdrawValidatorTest" time="0.0"/>
  <testcase name="invalid_withdrawal_id_is_less_than_eight_digits_command()" classname="banking.WithdrawValidatorTest" time="0.0"/>
  <testcase name="invalid_withdrawal_typo()" classname="banking.WithdrawValidatorTest" time="0.0"/>
  <testcase name="test_Account_ID_More_Than_Eight_Digits()" classname="banking.WithdrawValidatorTest" time="0.0"/>
  <testcase name="invalid_withdrawal_command_missing_withdraw()" classname="banking.WithdrawValidatorTest" time="0.0"/>
  <testcase name="valid_saving_withdrawal_amount_max_command()" classname="banking.WithdrawValidatorTest" time="0.0"/>
  <testcase name="invalid_cd_account_withdraw()" classname="banking.WithdrawValidatorTest" time="0.0"/>
  <testcase name="invalid_withdraw_zero_dollar()" classname="banking.WithdrawValidatorTest" time="0.0"/>
  <testcase name="test_Valid_Account_ID_Length()" classname="banking.WithdrawValidatorTest" time="0.0"/>
  <testcase name="invalid_withdrawal_amount_negative_command()" classname="banking.WithdrawValidatorTest" time="0.0"/>
  <testcase name="test_Account_ID_Less_Than_Eight_Digits()" classname="banking.WithdrawValidatorTest" time="0.0"/>
  <testcase name="valid_saving_account_withdraw_per_month()" classname="banking.WithdrawValidatorTest" time="0.0"/>
  <testcase name="unsupported_Account_Type()" classname="banking.WithdrawValidatorTest" time="0.0"/>
  <testcase name="valid_withdrawal_amount_one_command()" classname="banking.WithdrawValidatorTest" time="0.0"/>
  <system-out><![CDATA[]]></system-out>
  <system-err><![CDATA[]]></system-err>
</testsuite>
