<?xml version="1.0" encoding="UTF-8"?>
<testsuite name="banking.PassTimeValidatorTest" tests="8" skipped="0" failures="0" errors="0" timestamp="2023-12-12T02:47:33" hostname="n3-13-222.dhcp.drexel.edu" time="0.002">
  <properties/>
  <testcase name="invalid_pass_command_month_contain_letter()" classname="banking.PassTimeValidatorTest" time="0.0"/>
  <testcase name="invalid_pass_command_month_is_negative()" classname="banking.PassTimeValidatorTest" time="0.001"/>
  <testcase name="invalid_pass_command_empty_string()" classname="banking.PassTimeValidatorTest" time="0.0"/>
  <testcase name="invalid_pass_command_month_exceed_sixty()" classname="banking.PassTimeValidatorTest" time="0.0"/>
  <testcase name="invalid_pass_command_month()" classname="banking.PassTimeValidatorTest" time="0.0"/>
  <testcase name="valid_pass_command()" classname="banking.PassTimeValidatorTest" time="0.0"/>
  <testcase name="invalid_pass_command_month_below_one()" classname="banking.PassTimeValidatorTest" time="0.001"/>
  <testcase name="invalid_pass_command_missing()" classname="banking.PassTimeValidatorTest" time="0.0"/>
  <system-out><![CDATA[]]></system-out>
  <system-err><![CDATA[]]></system-err>
</testsuite>
