<?xml version="1.0" encoding="UTF-8"?>
<testsuite name="banking.SavingTest" tests="5" skipped="0" failures="0" errors="0" timestamp="2023-12-12T02:47:33" hostname="n3-13-222.dhcp.drexel.edu" time="0.001">
  <properties/>
  <testcase name="get_Month_Withdrawal_After_Setting_Months()" classname="banking.SavingTest" time="0.0"/>
  <testcase name="checking_created_with_initial_balance_of_zero()" classname="banking.SavingTest" time="0.0"/>
  <testcase name="get_Month_Withdrawal_After_Explicit_Modification()" classname="banking.SavingTest" time="0.0"/>
  <testcase name="set_Months_More_Than_Current_Age_Month_Withdrawal_False()" classname="banking.SavingTest" time="0.0"/>
  <testcase name="get_Month_Withdrawal_Initially_False()" classname="banking.SavingTest" time="0.0"/>
  <system-out><![CDATA[]]></system-out>
  <system-err><![CDATA[]]></system-err>
</testsuite>
